<?xml version="1.0" encoding="UTF-8"?>
<!-- Generated by org.testng.reporters.JUnitReportReporter -->
<testsuite skipped="0" hostname="GHYDMS1052607L" name="com.amazon.tests.GiftsTest" tests="1" failures="0" timestamp="2020-02-17T14:01:44 IST" time="57.019" errors="0">
  <testcase name="GiftsTestMethod" time="57.019" classname="com.amazon.tests.GiftsTest"/>
</testsuite> <!-- com.amazon.tests.GiftsTest -->
