<?xml version="1.0" encoding="UTF-8"?>
<!-- Generated by org.testng.reporters.JUnitReportReporter -->
<testsuite skipped="0" hostname="GHYDMS1052607L" name="com.amazon.tests.DealsTest" tests="2" failures="0" timestamp="2020-02-17T14:01:44 IST" time="93.193" errors="0">
  <testcase name="DealsTestMethod" time="49.660" classname="com.amazon.tests.DealsTest"/>
  <testcase name="DealsTestMethod" time="43.533" classname="com.amazon.tests.DealsTest"/>
</testsuite> <!-- com.amazon.tests.DealsTest -->
