<?xml version="1.0" encoding="UTF-8"?>
<!-- Generated by org.testng.reporters.JUnitReportReporter -->
<testsuite skipped="0" hostname="GHYDMS1052607L" name="com.amazon.tests.DealsTest" tests="2" failures="0" timestamp="2020-02-17T14:33:51 IST" time="118.867" errors="0">
  <testcase name="DealsTestMethod" time="55.315" classname="com.amazon.tests.DealsTest"/>
  <testcase name="DealsTestMethod" time="63.552" classname="com.amazon.tests.DealsTest"/>
</testsuite> <!-- com.amazon.tests.DealsTest -->
