<?xml version="1.0" encoding="UTF-8"?>
<!-- Generated by org.testng.reporters.JUnitReportReporter -->
<testsuite skipped="0" hostname="GHYDMS1052607L" name="com.amazon.tests.DealsTest" tests="2" failures="0" timestamp="2020-02-22T22:01:40 IST" time="179.283" errors="0">
  <testcase name="DealsTestMethod" time="88.257" classname="com.amazon.tests.DealsTest"/>
  <testcase name="DealsTestMethod" time="91.026" classname="com.amazon.tests.DealsTest"/>
</testsuite> <!-- com.amazon.tests.DealsTest -->
