<?xml version="1.0" encoding="UTF-8"?>
<!-- Generated by org.testng.reporters.JUnitReportReporter -->
<testsuite skipped="0" hostname="GHYDMS1052607L" name="com.amazon.tests.GiftsTest" tests="1" failures="0" timestamp="2020-02-22T22:07:20 IST" time="75.420" errors="0">
  <testcase name="GiftsTestMethod" time="75.420" classname="com.amazon.tests.GiftsTest"/>
  <system-out/>
</testsuite> <!-- com.amazon.tests.GiftsTest -->
