<?xml version="1.0" encoding="UTF-8"?>
<!-- Generated by org.testng.reporters.JUnitReportReporter -->
<testsuite skipped="0" hostname="GHYDMS1052607L" name="com.amazon.tests.DealsTest" tests="2" failures="0" timestamp="2020-02-22T23:49:52 IST" time="133.828" errors="0">
  <testcase name="DealsTestMethod" time="65.536" classname="com.amazon.tests.DealsTest"/>
  <system-out/>
  <testcase name="DealsTestMethod" time="68.292" classname="com.amazon.tests.DealsTest"/>
  <system-out/>
</testsuite> <!-- com.amazon.tests.DealsTest -->
