<?xml version="1.0" encoding="UTF-8"?>
<!-- Generated by org.testng.reporters.JUnitReportReporter -->
<testsuite skipped="0" hostname="GHYDMS1052607L" name="com.amazon.tests.DealsTest" tests="2" failures="0" timestamp="2020-02-23T00:15:52 IST" time="235.039" errors="0">
  <testcase name="DealsTestMethod" time="115.795" classname="com.amazon.tests.DealsTest"/>
  <system-out/>
  <testcase name="DealsTestMethod" time="119.244" classname="com.amazon.tests.DealsTest"/>
  <system-out/>
</testsuite> <!-- com.amazon.tests.DealsTest -->
