<?xml version="1.0" encoding="UTF-8"?>
<!-- Generated by org.testng.reporters.JUnitReportReporter -->
<testsuite skipped="0" hostname="GHYDMS1052607L" name="com.amazon.tests.DealsTest" tests="2" failures="0" timestamp="2020-02-22T23:29:04 IST" time="108.008" errors="0">
  <testcase name="DealsTestMethod" time="52.832" classname="com.amazon.tests.DealsTest"/>
  <system-out/>
  <testcase name="DealsTestMethod" time="55.176" classname="com.amazon.tests.DealsTest"/>
  <system-out/>
</testsuite> <!-- com.amazon.tests.DealsTest -->
