<?xml version="1.0" encoding="UTF-8"?>
<!-- Generated by org.testng.reporters.JUnitReportReporter -->
<testsuite skipped="0" hostname="GHYDMS1052607L" name="com.amazon.tests.DealsTest" tests="2" failures="0" timestamp="2020-02-22T22:07:20 IST" time="135.132" errors="0">
  <testcase name="DealsTestMethod" time="73.107" classname="com.amazon.tests.DealsTest"/>
  <system-out/>
  <testcase name="DealsTestMethod" time="62.025" classname="com.amazon.tests.DealsTest"/>
  <system-out/>
</testsuite> <!-- com.amazon.tests.DealsTest -->
